<?xml version="1.0" encoding="UTF-8"?>
<!-- Generated by org.testng.reporters.JUnitReportReporter -->
<testsuite hostname="DESKTOP-RHKECGV" failures="0" tests="4" name="testngexamples.Expriority" time="0.012" errors="0" timestamp="2024-10-06T22:34:52 IST" skipped="1">
  <testcase classname="testngexamples.Expriority" name="startcar" time="0.009"/>
  <system-out/>
  <testcase classname="testngexamples.Expriority" name="startfirstgear" time="0.001"/>
  <system-out/>
  <testcase classname="testngexamples.Expriority" name="stopthecar" time="0.002"/>
  <system-out/>
  <testcase classname="testngexamples.Expriority" name="Musicon">
    <skipped/>
  </testcase> <!-- Musicon -->
  <system-out/>
</testsuite> <!-- testngexamples.Expriority -->
