<?xml version="1.0" encoding="UTF-8"?>
<!-- Generated by org.testng.reporters.JUnitReportReporter -->
<testsuite hostname="DESKTOP-RHKECGV" failures="0" tests="2" name="testngexamples.Exparameter" time="0.013" errors="0" timestamp="2024-10-07T22:41:09 IST" skipped="0">
  <testcase classname="testngexamples.Exparameter" name="printname1" time="0.002"/>
  <system-out/>
  <testcase classname="testngexamples.Exparameter" name="printname" time="0.011"/>
  <system-out/>
</testsuite> <!-- testngexamples.Exparameter -->
