<?xml version="1.0" encoding="UTF-8"?>
<!-- Generated by org.testng.reporters.JUnitReportReporter -->
<testsuite hostname="DESKTOP-RHKECGV" failures="0" tests="1" name="testngexample.GoogleSearchEngineTest" time="14.858" errors="0" timestamp="2024-08-16T02:13:51 IST" skipped="0">
  <testcase classname="testngexample.GoogleSearchEngineTest" name="search" time="14.858"/>
</testsuite> <!-- testngexample.GoogleSearchEngineTest -->
