<?xml version="1.0" encoding="UTF-8"?>
<!-- Generated by org.testng.reporters.JUnitReportReporter -->
<testsuite hostname="DESKTOP-RHKECGV" failures="0" tests="4" name="testngexample.Expriority" time="0.013" errors="0" timestamp="2024-10-06T20:08:22 IST" skipped="1">
  <testcase classname="testngexample.Expriority" name="startcar" time="0.010"/>
  <testcase classname="testngexample.Expriority" name="startfirstgear" time="0.001"/>
  <testcase classname="testngexample.Expriority" name="stopthecar" time="0.002"/>
  <testcase classname="testngexample.Expriority" name="Musicon">
    <skipped/>
  </testcase> <!-- Musicon -->
</testsuite> <!-- testngexample.Expriority -->
