<?xml version="1.0" encoding="UTF-8"?>
<!-- Generated by org.testng.reporters.JUnitReportReporter -->
<testsuite hostname="DESKTOP-RHKECGV" failures="0" tests="3" name="testngexample.Exdependency" time="0.011" errors="0" timestamp="2024-10-06T21:19:37 IST" skipped="0">
  <testcase classname="testngexample.Exdependency" name="highersecondary" time="0.001"/>
  <testcase classname="testngexample.Exdependency" name="Engineering" time="0.002"/>
  <testcase classname="testngexample.Exdependency" name="highschool" time="0.008"/>
</testsuite> <!-- testngexample.Exdependency -->
