<?xml version="1.0" encoding="UTF-8"?>
<!-- Generated by org.testng.reporters.JUnitReportReporter -->
<testsuite hostname="DESKTOP-RHKECGV" failures="0" tests="8" name="testngexamples.Exgroups" time="0.022" errors="0" timestamp="2024-10-07T19:01:51 IST" skipped="0">
  <testcase classname="testngexamples.Exgroups" name="moto1" time="0.002"/>
  <system-out/>
  <testcase classname="testngexamples.Exgroups" name="samsung1" time="0.002"/>
  <system-out/>
  <testcase classname="testngexamples.Exgroups" name="moto2" time="0.002"/>
  <system-out/>
  <testcase classname="testngexamples.Exgroups" name="lenevo2" time="0.002"/>
  <system-out/>
  <testcase classname="testngexamples.Exgroups" name="samsung2" time="0.002"/>
  <system-out/>
  <testcase classname="testngexamples.Exgroups" name="apple1" time="0.009"/>
  <system-out/>
  <testcase classname="testngexamples.Exgroups" name="lenevo1" time="0.001"/>
  <system-out/>
  <testcase classname="testngexamples.Exgroups" name="apple2" time="0.002"/>
  <system-out/>
</testsuite> <!-- testngexamples.Exgroups -->
