<?xml version="1.0" encoding="UTF-8"?>
<!-- Generated by org.testng.reporters.JUnitReportReporter -->
<testsuite hostname="DESKTOP-RHKECGV" failures="0" tests="3" name="testngexamples.Exdependency" time="0.004" errors="0" timestamp="2024-10-06T22:34:52 IST" skipped="0">
  <testcase classname="testngexamples.Exdependency" name="highschool" time="0.000"/>
  <system-out/>
  <testcase classname="testngexamples.Exdependency" name="highersecondary" time="0.001"/>
  <system-out/>
  <testcase classname="testngexamples.Exdependency" name="Engineering" time="0.003"/>
  <system-out/>
</testsuite> <!-- testngexamples.Exdependency -->
